LeonardoSpectrum Level 3 - 2005b.24 (Release Production Release, compiled Nov 10 2005 at 16:21:33)
Copyright 1990-2005 Mentor Graphics.  All rights reserved.
Portions copyright 1991-2005 Compuware Corporation

--
-- Welcome to LeonardoSpectrum Level 3
-- Run By User@VBOX
-- Run Started On Sat Apr 16 06:50:56 HDT 2022
--
Info, Working Directory is now 'C:/HDS/my_project/timer_tutorial/ls/timer/netlists'
Info: setting register2register to 25.00000
Info: setting input2register to 25.00000
Info: setting register2output to 25.00000
Info: setting input2output to 25.00000
Info: setting part to apa075pqfp208
Info: setting process to F
Info: setting wire_table to APA
Reading library file `C:\FPGAdv72LS\Exemplar\\lib\apa.syn`...
Library version = 6b2.5
Delays assume: Process=F Temp= 25.0 C  Voltage=2.50 V  
Warning: Could not find process parameter (F_process) value in library.
Info: setting encoding to auto
-- Reading module generator description from file C:/FPGAdv72LS/Exemplar//data/modgen/apa.vhd
-- Reading vhdl file C:/FPGAdv72LS/Exemplar//data/modgen/apa.vhd into library OPERATORS
-- Modgen File 1.vhd Version 1.0
-- Searching for SYNOPSYS package std_logic_arith..
Info: setting append_generics_to_toplevel to FALSE
-- Reading file 'C:\HDS\my_project/timer_tutorial/hdl/control_fsm.v'...
-- Reading file 'C:\HDS\my_project/timer_tutorial/hdl/Timer_BCDCounter.v'...
-- Reading file 'C:\HDS\my_project/timer_tutorial/hdl/counter_struct.v'...
-- Reading file 'C:\HDS\my_project/timer_tutorial/hdl/timer_struct.v'...
-- Loading module 'CONTROL'
-- Loading module 'BCDCounter'
-- Loading module 'COUNTER'
-- Loading module 'timer'
"C:\HDS\my_project/timer_tutorial/hdl/control_fsm.v",line 44: Warning, input reset is never used.
"C:\HDS\my_project/timer_tutorial/hdl/timer_struct.v",line 56: Warning, rst is never assigned a value.
"C:\HDS\my_project/timer_tutorial/hdl/timer_struct.v",line 53: Warning, dat_in is never assigned a value.
"C:\HDS\my_project/timer_tutorial/hdl/timer_struct.v",line 47: Warning, d_out is never used.
"C:\HDS\my_project/timer_tutorial/hdl/timer_struct.v",line 47: Warning, d_out is never assigned a value.
-- Compiling root module 'timer'
-- Compiling module CONTROL
"C:\HDS\my_project/timer_tutorial/hdl/control_fsm.v",line 85: Info, case choices are mutually exclusive; inferring parallel case.
"C:\HDS\my_project/timer_tutorial/hdl/control_fsm.v",line 159: Info, case choices are mutually exclusive; inferring parallel case.
"C:\HDS\my_project/timer_tutorial/hdl/control_fsm.v",line 54: Warning, beep_int is not always assigned. Storage may be needed..
"C:\HDS\my_project/timer_tutorial/hdl/control_fsm.v",line 51: Warning, hold is not always assigned. Storage may be needed..
"C:\HDS\my_project/timer_tutorial/hdl/control_fsm.v",line 50: Warning, clear is not always assigned. Storage may be needed..
"C:\HDS\my_project/timer_tutorial/hdl/control_fsm.v",line 52: Warning, load is not always assigned. Storage may be needed..
-- Compiling module COUNTER
-- Compiling module BCDCounter_5
Info, Instances dissolved by autodissolve in View .timer_tutorial.COUNTER.INTERFACE
"C:\HDS\my_project/timer_tutorial/hdl/counter_struct.v", line 57: U_0 (BCDCounter_5)
"C:\HDS\my_project/timer_tutorial/hdl/counter_struct.v", line 68: U_1 (BCDCounter_5)
Info, Instances dissolved by autodissolve in View .timer_tutorial.timer.INTERFACE
"C:\HDS\my_project/timer_tutorial/hdl/timer_struct.v", line 61: U_0 (CONTROL)
-- Resolving function dec with module generator modgen_DEC_4_small_false  from file C:/FPGAdv72LS/Exemplar//data/modgen/apa.vhd
-- Resolving function dec with module generator modgen_DEC_4_small_false  from file C:/FPGAdv72LS/Exemplar//data/modgen/apa.vhd
-- Info, replacing modgen_DEC(FDEC)
-- Optimizing netlist .timer_tutorial.COUNTER.INTERFACE
-- Matching combinational logic..
-- Matching non-combinational logic..
-- Covering..
-- CPU Time used :   00:00 Mapping
-- Optimizing netlist .timer_tutorial.timer.INTERFACE
-- Automatic IO buffer insertion...
-- Matching combinational logic..
-- Matching non-combinational logic..
-- Covering..
-- CPU Time used :   00:00 Mapping
-- Final Design Rule Check..
Using wire table: APA
-- Start timing optimization for design .timer_tutorial.COUNTER.INTERFACE
Starting Timing Characterization...
Starting Timing Analysis...
Using wire table: APA
Timing analysis done, time = 0 CPU secs.
Timing characterization done, time = 0 CPU secs.
AutoWrite args are : -format edif {C:\HDS\my_project/timer_tutorial/ls/timer/netlists/timer.edf}
-- Writing file C:\HDS\my_project/timer_tutorial/ls/timer/netlists/timer.edf
Info: setting sdf_names_style to edif
Info: setting sdf_actel_proasic to TRUE
Warning, Moving C:/HDS/my_project/timer_tutorial/ls/timer/netlists/timer.sdf to C:/HDS/my_project/timer_tutorial/ls/timer/netlists/xmplr_old_timer.sdf as C:/HDS/my_project/timer_tutorial/ls/timer/netlists/timer.sdf exists
-- Writing file C:/HDS/my_project/timer_tutorial/ls/timer/netlists/timer.sdf
Using wire table: APA



                        Critical Path Report
AutoWrite args are : -format xdb {C:\HDS\my_project/timer_tutorial/ls/timer/xdb/timer.xdb}
-- Writing file C:\HDS\my_project/timer_tutorial/ls/timer/xdb/timer.xdb
-- Writing XDB version 1999.1
Info: setting sdf_names_style to edif
Info: setting sdf_actel_proasic to TRUE
Warning, Moving C:/HDS/my_project/timer_tutorial/ls/timer/xdb/timer.sdf to C:/HDS/my_project/timer_tutorial/ls/timer/xdb/xmplr_old_timer.sdf as C:/HDS/my_project/timer_tutorial/ls/timer/xdb/timer.sdf exists
-- Writing file C:/HDS/my_project/timer_tutorial/ls/timer/xdb/timer.sdf
Using wire table: APA



                        Critical Path Report
Info: HDS Synthesis run finished
Error: System variable comm_socket must be set

*******************************************************

Cell: timer    View: INTERFACE    Library: timer_tutorial

*******************************************************


 Cell       Library  References     Total Area

AO21        apa                1 x      1      1 Core Cells
AO21FTF     apa                4 x      1      4 Core Cells
AO21TTF     apa                2 x      1      2 Core Cells
AOI21FTF    apa                1 x      1      1 Core Cells
COUNTER     timer_tutorial     1 x     74     74 Core Cells
                                        2      2 GND
DFFL        apa                4 x      1      4 Core Cells
GND         apa                1 x      1      1 GND
IB33        apa               13 x      1     13 IB33
LD          apa                3 x      1      3 Core Cells
NAND2       apa                1 x      1      1 Core Cells
NAND2FT     apa                3 x      1      3 Core Cells
NAND3       apa                6 x      1      6 Core Cells
NOR2        apa                2 x      1      2 Core Cells
NOR2FT      apa                4 x      1      4 Core Cells
NOR3        apa                4 x      1      4 Core Cells
NOR3FFT     apa                1 x      1      1 Core Cells
NOR3FTT     apa                2 x      1      2 Core Cells
OB33PH      apa                9 x      1      9 OB33PH
OR3         apa                1 x      1      1 Core Cells
OR3FFT      apa                4 x      1      4 Core Cells
PWR         apa                1 x      1      1 PWR

 Number of ports :                      23
 Number of nets :                       89
 Number of instances :                  68
 Number of references to this view :     0

Total accumulated area : 
 Number of Core Cells :                117
 Number of GND :                         3
 Number of IB33 :                       13
 Number of OB33PH :                      9
 Number of PWR :                         1
 Number of accumulated instances :     143
***********************************************
Device Utilization for apa075pqfp208
***********************************************
Resource                Used    Avail   Utilization
-----------------------------------------------
IOs                     23      158      14.56%
Core Cells              117     3072      3.81%

-----------------------------------------------
Info, Command 'report_area' finished successfully

*******************************************************

Cell: timer    View: INTERFACE    Library: timer_tutorial

*******************************************************


 Cell       Library  References     Total Area

AO21        apa                1 x      1      1 Core Cells
AO21FTF     apa                4 x      1      4 Core Cells
AO21TTF     apa                2 x      1      2 Core Cells
AOI21FTF    apa                1 x      1      1 Core Cells
COUNTER     timer_tutorial     1 x     74     74 Core Cells
                                        2      2 GND
DFFL        apa                4 x      1      4 Core Cells
GND         apa                1 x      1      1 GND
IB33        apa               13 x      1     13 IB33
LD          apa                3 x      1      3 Core Cells
NAND2       apa                1 x      1      1 Core Cells
NAND2FT     apa                3 x      1      3 Core Cells
NAND3       apa                6 x      1      6 Core Cells
NOR2        apa                2 x      1      2 Core Cells
NOR2FT      apa                4 x      1      4 Core Cells
NOR3        apa                4 x      1      4 Core Cells
NOR3FFT     apa                1 x      1      1 Core Cells
NOR3FTT     apa                2 x      1      2 Core Cells
OB33PH      apa                9 x      1      9 OB33PH
OR3         apa                1 x      1      1 Core Cells
OR3FFT      apa                4 x      1      4 Core Cells
PWR         apa                1 x      1      1 PWR

 Number of ports :                      23
 Number of nets :                       89
 Number of instances :                  68
 Number of references to this view :     0

Total accumulated area : 
 Number of Core Cells :                117
 Number of GND :                         3
 Number of IB33 :                       13
 Number of OB33PH :                      9
 Number of PWR :                         1
 Number of accumulated instances :     143
***********************************************
Device Utilization for apa075pqfp208
***********************************************
Resource                Used    Avail   Utilization
-----------------------------------------------
IOs                     23      158      14.56%
Core Cells              117     3072      3.81%

-----------------------------------------------
Info, Command 'report_area' finished successfully


